Flow report for Stopwatch
Wed May 05 16:19:27 2021
Quartus Prime Version 20.1.1 Build 720 11/11/2020 SJ Lite Edition


---------------------
; Table of Contents ;
---------------------
  1. Legal Notice
  2. Flow Summary
  3. Flow Settings
  4. Flow Non-Default Global Settings
  5. Flow Elapsed Time
  6. Flow OS Summary
  7. Flow Log
  8. Flow Messages
  9. Flow Suppressed Messages



----------------
; Legal Notice ;
----------------
Copyright (C) 2020  Intel Corporation. All rights reserved.
Your use of Intel Corporation's design tools, logic functions 
and other software and tools, and any partner logic 
functions, and any output files from any of the foregoing 
(including device programming or simulation files), and any 
associated documentation or information are expressly subject 
to the terms and conditions of the Intel Program License 
Subscription Agreement, the Intel Quartus Prime License Agreement,
the Intel FPGA IP License Agreement, or other applicable license
agreement, including, without limitation, that your use is for
the sole purpose of programming logic devices manufactured by
Intel and sold by Intel or its authorized distributors.  Please
refer to the applicable agreement for further details, at
https://fpgasoftware.intel.com/eula.



+----------------------------------------------------------------------------------+
; Flow Summary                                                                     ;
+------------------------------------+---------------------------------------------+
; Flow Status                        ; Successful - Wed May 05 16:19:27 2021       ;
; Quartus Prime Version              ; 20.1.1 Build 720 11/11/2020 SJ Lite Edition ;
; Revision Name                      ; Stopwatch                                   ;
; Top-level Entity Name              ; Stopwatch                                   ;
; Family                             ; MAX 10                                      ;
; Device                             ; 10M50DAF484C6GES                            ;
; Timing Models                      ; Preliminary                                 ;
; Total logic elements               ; 1,665 / 49,760 ( 3 % )                      ;
;     Total combinational functions  ; 1,661 / 49,760 ( 3 % )                      ;
;     Dedicated logic registers      ; 71 / 49,760 ( < 1 % )                       ;
; Total registers                    ; 71                                          ;
; Total pins                         ; 53 / 360 ( 15 % )                           ;
; Total virtual pins                 ; 0                                           ;
; Total memory bits                  ; 0 / 1,677,312 ( 0 % )                       ;
; Embedded Multiplier 9-bit elements ; 0 / 288 ( 0 % )                             ;
; Total PLLs                         ; 0 / 4 ( 0 % )                               ;
; UFM blocks                         ; 0 / 1 ( 0 % )                               ;
; ADC blocks                         ; 0 / 2 ( 0 % )                               ;
+------------------------------------+---------------------------------------------+


+-----------------------------------------+
; Flow Settings                           ;
+-------------------+---------------------+
; Option            ; Setting             ;
+-------------------+---------------------+
; Start date & time ; 05/05/2021 16:18:29 ;
; Main task         ; Compilation         ;
; Revision Name     ; Stopwatch           ;
+-------------------+---------------------+


+-------------------------------------------------------------------------------------------------------------------------------------------------+
; Flow Non-Default Global Settings                                                                                                                ;
+--------------------------------------+----------------------------------------+---------------+-------------+-----------------------------------+
; Assignment Name                      ; Value                                  ; Default Value ; Entity Name ; Section Id                        ;
+--------------------------------------+----------------------------------------+---------------+-------------+-----------------------------------+
; COMPILER_SIGNATURE_ID                ; 20219774012711.162020270824520         ; --            ; --          ; --                                ;
; EDA_DESIGN_INSTANCE_NAME             ; NA                                     ; --            ; --          ; StopwatchLogic_tb                 ;
; EDA_DESIGN_INSTANCE_NAME             ; NA                                     ; --            ; --          ; SevenSegEncoder_tb                ;
; EDA_DESIGN_INSTANCE_NAME             ; NA                                     ; --            ; --          ; Clock_tb                          ;
; EDA_ENABLE_GLITCH_FILTERING          ; On                                     ; --            ; --          ; eda_simulation                    ;
; EDA_GENERATE_FUNCTIONAL_NETLIST      ; Off                                    ; --            ; --          ; eda_board_design_timing           ;
; EDA_GENERATE_FUNCTIONAL_NETLIST      ; Off                                    ; --            ; --          ; eda_board_design_boundary_scan    ;
; EDA_GENERATE_FUNCTIONAL_NETLIST      ; Off                                    ; --            ; --          ; eda_board_design_signal_integrity ;
; EDA_GENERATE_FUNCTIONAL_NETLIST      ; Off                                    ; --            ; --          ; eda_board_design_symbol           ;
; EDA_MAP_ILLEGAL_CHARACTERS           ; On                                     ; --            ; --          ; eda_simulation                    ;
; EDA_NATIVELINK_SIMULATION_TEST_BENCH ; StopwatchLogic_tb                      ; --            ; --          ; eda_simulation                    ;
; EDA_OUTPUT_DATA_FORMAT               ; Verilog Hdl                            ; --            ; --          ; eda_simulation                    ;
; EDA_SIMULATION_TOOL                  ; ModelSim-Altera (Verilog)              ; <None>        ; --          ; --                                ;
; EDA_TEST_BENCH_ENABLE_STATUS         ; TEST_BENCH_MODE                        ; --            ; --          ; eda_simulation                    ;
; EDA_TEST_BENCH_FILE                  ; StopwatchLogic_tb.v                    ; --            ; --          ; StopwatchLogic_tb                 ;
; EDA_TEST_BENCH_FILE                  ; SevenSegEncoder_tb.v                   ; --            ; --          ; SevenSegEncoder_tb                ;
; EDA_TEST_BENCH_FILE                  ; Clock_tb.v                             ; --            ; --          ; Clock_tb                          ;
; EDA_TEST_BENCH_MODULE_NAME           ; StopwatchLogic_tb                      ; --            ; --          ; StopwatchLogic_tb                 ;
; EDA_TEST_BENCH_MODULE_NAME           ; SevenSegEncoder_tb                     ; --            ; --          ; SevenSegEncoder_tb                ;
; EDA_TEST_BENCH_MODULE_NAME           ; Clock_tb                               ; --            ; --          ; Clock_tb                          ;
; EDA_TEST_BENCH_NAME                  ; Clock_tb                               ; --            ; --          ; eda_simulation                    ;
; EDA_TEST_BENCH_NAME                  ; SevenSegEncoder_tb                     ; --            ; --          ; eda_simulation                    ;
; EDA_TEST_BENCH_NAME                  ; StopwatchLogic_tb                      ; --            ; --          ; eda_simulation                    ;
; EDA_TIME_SCALE                       ; 1 ps                                   ; --            ; --          ; eda_simulation                    ;
; MAX_CORE_JUNCTION_TEMP               ; 85                                     ; --            ; --          ; --                                ;
; MIN_CORE_JUNCTION_TEMP               ; 0                                      ; --            ; --          ; --                                ;
; PARTITION_COLOR                      ; -- (Not supported for targeted family) ; --            ; --          ; Top                               ;
; PARTITION_FITTER_PRESERVATION_LEVEL  ; -- (Not supported for targeted family) ; --            ; --          ; Top                               ;
; PARTITION_NETLIST_TYPE               ; -- (Not supported for targeted family) ; --            ; --          ; Top                               ;
; POWER_BOARD_THERMAL_MODEL            ; None (CONSERVATIVE)                    ; --            ; --          ; --                                ;
; POWER_PRESET_COOLING_SOLUTION        ; 23 MM HEAT SINK WITH 200 LFPM AIRFLOW  ; --            ; --          ; --                                ;
; PROJECT_OUTPUT_DIRECTORY             ; output_files                           ; --            ; --          ; --                                ;
+--------------------------------------+----------------------------------------+---------------+-------------+-----------------------------------+


+--------------------------------------------------------------------------------------------------------------------------+
; Flow Elapsed Time                                                                                                        ;
+----------------------+--------------+-------------------------+---------------------+------------------------------------+
; Module Name          ; Elapsed Time ; Average Processors Used ; Peak Virtual Memory ; Total CPU Time (on all processors) ;
+----------------------+--------------+-------------------------+---------------------+------------------------------------+
; Analysis & Synthesis ; 00:00:19     ; 1.0                     ; 4829 MB             ; 00:00:36                           ;
; Fitter               ; 00:00:21     ; 1.4                     ; 5943 MB             ; 00:00:41                           ;
; Assembler            ; 00:00:04     ; 1.0                     ; 4694 MB             ; 00:00:04                           ;
; Timing Analyzer      ; 00:00:06     ; 2.1                     ; 4875 MB             ; 00:00:08                           ;
; EDA Netlist Writer   ; 00:00:03     ; 1.0                     ; 4646 MB             ; 00:00:02                           ;
; Total                ; 00:00:53     ; --                      ; --                  ; 00:01:31                           ;
+----------------------+--------------+-------------------------+---------------------+------------------------------------+


+------------------------------------------------------------------------------------+
; Flow OS Summary                                                                    ;
+----------------------+------------------+------------+------------+----------------+
; Module Name          ; Machine Hostname ; OS Name    ; OS Version ; Processor type ;
+----------------------+------------------+------------+------------+----------------+
; Analysis & Synthesis ; Hugo             ; Windows 10 ; 10.0       ; x86_64         ;
; Fitter               ; Hugo             ; Windows 10 ; 10.0       ; x86_64         ;
; Assembler            ; Hugo             ; Windows 10 ; 10.0       ; x86_64         ;
; Timing Analyzer      ; Hugo             ; Windows 10 ; 10.0       ; x86_64         ;
; EDA Netlist Writer   ; Hugo             ; Windows 10 ; 10.0       ; x86_64         ;
+----------------------+------------------+------------+------------+----------------+


------------
; Flow Log ;
------------
quartus_map --read_settings_files=on --write_settings_files=off Stopwatch -c Stopwatch
quartus_fit --read_settings_files=off --write_settings_files=off Stopwatch -c Stopwatch
quartus_asm --read_settings_files=off --write_settings_files=off Stopwatch -c Stopwatch
quartus_sta Stopwatch -c Stopwatch
quartus_eda --read_settings_files=off --write_settings_files=off Stopwatch -c Stopwatch



