Analysis & Synthesis report for Stopwatch
Wed May 05 16:18:46 2021
Quartus Prime Version 20.1.1 Build 720 11/11/2020 SJ Lite Edition


---------------------
; Table of Contents ;
---------------------
  1. Legal Notice
  2. Analysis & Synthesis Summary
  3. Analysis & Synthesis Settings
  4. Parallel Compilation
  5. Analysis & Synthesis Source Files Read
  6. Analysis & Synthesis Resource Usage Summary
  7. Analysis & Synthesis Resource Utilization by Entity
  8. General Register Statistics
  9. Inverted Register Statistics
 10. Parameter Settings for Inferred Entity Instance: StopwatchLogic:logic0|GetMinute:min0|lpm_divide:Div0
 11. Parameter Settings for Inferred Entity Instance: StopwatchLogic:logic0|GetMinute:min0|lpm_divide:Mod0
 12. Parameter Settings for Inferred Entity Instance: StopwatchLogic:logic0|GetSecond:sec0|lpm_divide:Div0
 13. Parameter Settings for Inferred Entity Instance: StopwatchLogic:logic0|GetSecond:sec0|lpm_divide:Mod0
 14. Parameter Settings for Inferred Entity Instance: StopwatchLogic:logic0|GetDecs:decs0|lpm_divide:Mod0
 15. Port Connectivity Checks: "SevenSegEncoder:sevenseg0|BCDEncoder:b2"
 16. Port Connectivity Checks: "SevenSegEncoder:sevenseg0|BCDEncoder:b1"
 17. Port Connectivity Checks: "SevenSegEncoder:sevenseg0|BCDEncoder:b0"
 18. Post-Synthesis Netlist Statistics for Top Partition
 19. Elapsed Time Per Partition
 20. Analysis & Synthesis Messages
 21. Analysis & Synthesis Suppressed Messages



----------------
; Legal Notice ;
----------------
Copyright (C) 2020  Intel Corporation. All rights reserved.
Your use of Intel Corporation's design tools, logic functions 
and other software and tools, and any partner logic 
functions, and any output files from any of the foregoing 
(including device programming or simulation files), and any 
associated documentation or information are expressly subject 
to the terms and conditions of the Intel Program License 
Subscription Agreement, the Intel Quartus Prime License Agreement,
the Intel FPGA IP License Agreement, or other applicable license
agreement, including, without limitation, that your use is for
the sole purpose of programming logic devices manufactured by
Intel and sold by Intel or its authorized distributors.  Please
refer to the applicable agreement for further details, at
https://fpgasoftware.intel.com/eula.



+----------------------------------------------------------------------------------+
; Analysis & Synthesis Summary                                                     ;
+------------------------------------+---------------------------------------------+
; Analysis & Synthesis Status        ; Successful - Wed May 05 16:18:46 2021       ;
; Quartus Prime Version              ; 20.1.1 Build 720 11/11/2020 SJ Lite Edition ;
; Revision Name                      ; Stopwatch                                   ;
; Top-level Entity Name              ; Stopwatch                                   ;
; Family                             ; MAX 10                                      ;
; Total logic elements               ; 1,663                                       ;
;     Total combinational functions  ; 1,661                                       ;
;     Dedicated logic registers      ; 71                                          ;
; Total registers                    ; 71                                          ;
; Total pins                         ; 53                                          ;
; Total virtual pins                 ; 0                                           ;
; Total memory bits                  ; 0                                           ;
; Embedded Multiplier 9-bit elements ; 0                                           ;
; Total PLLs                         ; 0                                           ;
; UFM blocks                         ; 0                                           ;
; ADC blocks                         ; 0                                           ;
+------------------------------------+---------------------------------------------+


+------------------------------------------------------------------------------------------------------------+
; Analysis & Synthesis Settings                                                                              ;
+------------------------------------------------------------------+--------------------+--------------------+
; Option                                                           ; Setting            ; Default Value      ;
+------------------------------------------------------------------+--------------------+--------------------+
; Device                                                           ; 10M50DAF484C6GES   ;                    ;
; Top-level entity name                                            ; Stopwatch          ; Stopwatch          ;
; Family name                                                      ; MAX 10             ; Cyclone V          ;
; Use smart compilation                                            ; Off                ; Off                ;
; Enable parallel Assembler and Timing Analyzer during compilation ; On                 ; On                 ;
; Enable compact report table                                      ; Off                ; Off                ;
; Restructure Multiplexers                                         ; Auto               ; Auto               ;
; Create Debugging Nodes for IP Cores                              ; Off                ; Off                ;
; Preserve fewer node names                                        ; On                 ; On                 ;
; Intel FPGA IP Evaluation Mode                                    ; Enable             ; Enable             ;
; Verilog Version                                                  ; Verilog_2001       ; Verilog_2001       ;
; VHDL Version                                                     ; VHDL_1993          ; VHDL_1993          ;
; State Machine Processing                                         ; Auto               ; Auto               ;
; Safe State Machine                                               ; Off                ; Off                ;
; Extract Verilog State Machines                                   ; On                 ; On                 ;
; Extract VHDL State Machines                                      ; On                 ; On                 ;
; Ignore Verilog initial constructs                                ; Off                ; Off                ;
; Iteration limit for constant Verilog loops                       ; 5000               ; 5000               ;
; Iteration limit for non-constant Verilog loops                   ; 250                ; 250                ;
; Add Pass-Through Logic to Inferred RAMs                          ; On                 ; On                 ;
; Infer RAMs from Raw Logic                                        ; On                 ; On                 ;
; Parallel Synthesis                                               ; On                 ; On                 ;
; DSP Block Balancing                                              ; Auto               ; Auto               ;
; NOT Gate Push-Back                                               ; On                 ; On                 ;
; Power-Up Don't Care                                              ; On                 ; On                 ;
; Remove Redundant Logic Cells                                     ; Off                ; Off                ;
; Remove Duplicate Registers                                       ; On                 ; On                 ;
; Ignore CARRY Buffers                                             ; Off                ; Off                ;
; Ignore CASCADE Buffers                                           ; Off                ; Off                ;
; Ignore GLOBAL Buffers                                            ; Off                ; Off                ;
; Ignore ROW GLOBAL Buffers                                        ; Off                ; Off                ;
; Ignore LCELL Buffers                                             ; Off                ; Off                ;
; Ignore SOFT Buffers                                              ; On                 ; On                 ;
; Limit AHDL Integers to 32 Bits                                   ; Off                ; Off                ;
; Optimization Technique                                           ; Balanced           ; Balanced           ;
; Carry Chain Length                                               ; 70                 ; 70                 ;
; Auto Carry Chains                                                ; On                 ; On                 ;
; Auto Open-Drain Pins                                             ; On                 ; On                 ;
; Perform WYSIWYG Primitive Resynthesis                            ; Off                ; Off                ;
; Auto ROM Replacement                                             ; On                 ; On                 ;
; Auto RAM Replacement                                             ; On                 ; On                 ;
; Auto DSP Block Replacement                                       ; On                 ; On                 ;
; Auto Shift Register Replacement                                  ; Auto               ; Auto               ;
; Allow Shift Register Merging across Hierarchies                  ; Auto               ; Auto               ;
; Auto Clock Enable Replacement                                    ; On                 ; On                 ;
; Strict RAM Replacement                                           ; Off                ; Off                ;
; Allow Synchronous Control Signals                                ; On                 ; On                 ;
; Force Use of Synchronous Clear Signals                           ; Off                ; Off                ;
; Auto RAM Block Balancing                                         ; On                 ; On                 ;
; Auto RAM to Logic Cell Conversion                                ; Off                ; Off                ;
; Auto Resource Sharing                                            ; Off                ; Off                ;
; Allow Any RAM Size For Recognition                               ; Off                ; Off                ;
; Allow Any ROM Size For Recognition                               ; Off                ; Off                ;
; Allow Any Shift Register Size For Recognition                    ; Off                ; Off                ;
; Use LogicLock Constraints during Resource Balancing              ; On                 ; On                 ;
; Ignore translate_off and synthesis_off directives                ; Off                ; Off                ;
; Timing-Driven Synthesis                                          ; On                 ; On                 ;
; Report Parameter Settings                                        ; On                 ; On                 ;
; Report Source Assignments                                        ; On                 ; On                 ;
; Report Connectivity Checks                                       ; On                 ; On                 ;
; Ignore Maximum Fan-Out Assignments                               ; Off                ; Off                ;
; Synchronization Register Chain Length                            ; 2                  ; 2                  ;
; Power Optimization During Synthesis                              ; Normal compilation ; Normal compilation ;
; HDL message level                                                ; Level2             ; Level2             ;
; Suppress Register Optimization Related Messages                  ; Off                ; Off                ;
; Number of Removed Registers Reported in Synthesis Report         ; 5000               ; 5000               ;
; Number of Swept Nodes Reported in Synthesis Report               ; 5000               ; 5000               ;
; Number of Inverted Registers Reported in Synthesis Report        ; 100                ; 100                ;
; Clock MUX Protection                                             ; On                 ; On                 ;
; Auto Gated Clock Conversion                                      ; Off                ; Off                ;
; Block Design Naming                                              ; Auto               ; Auto               ;
; SDC constraint protection                                        ; Off                ; Off                ;
; Synthesis Effort                                                 ; Auto               ; Auto               ;
; Shift Register Replacement - Allow Asynchronous Clear Signal     ; On                 ; On                 ;
; Pre-Mapping Resynthesis Optimization                             ; Off                ; Off                ;
; Analysis & Synthesis Message Level                               ; Medium             ; Medium             ;
; Disable Register Merging Across Hierarchies                      ; Auto               ; Auto               ;
; Resource Aware Inference For Block RAM                           ; On                 ; On                 ;
+------------------------------------------------------------------+--------------------+--------------------+


+------------------------------------------+
; Parallel Compilation                     ;
+----------------------------+-------------+
; Processors                 ; Number      ;
+----------------------------+-------------+
; Number detected on machine ; 8           ;
; Maximum allowed            ; 8           ;
;                            ;             ;
; Average used               ; 1.00        ;
; Maximum used               ; 8           ;
;                            ;             ;
; Usage by Processor         ; % Time Used ;
;     Processor 1            ; 100.0%      ;
;     Processor 2            ;   0.0%      ;
;     Processor 3            ;   0.0%      ;
;     Processor 4            ;   0.0%      ;
;     Processor 5            ;   0.0%      ;
;     Processor 6            ;   0.0%      ;
;     Processor 7            ;   0.0%      ;
;     Processor 8            ;   0.0%      ;
+----------------------------+-------------+


+-------------------------------------------------------------------------------------------------------------------------------------------------------------------------+
; Analysis & Synthesis Source Files Read                                                                                                                                  ;
+----------------------------------+-----------------+------------------------------+---------------------------------------------------------------------------+---------+
; File Name with User-Entered Path ; Used in Netlist ; File Type                    ; File Name with Absolute Path                                              ; Library ;
+----------------------------------+-----------------+------------------------------+---------------------------------------------------------------------------+---------+
; BCDEncoder.v                     ; yes             ; User Verilog HDL File        ; C:/Users/lenovo/Desktop/Stopwatch/Stopwatch/BCDEncoder.v                  ;         ;
; Stopwatch.v                      ; yes             ; User Verilog HDL File        ; C:/Users/lenovo/Desktop/Stopwatch/Stopwatch/Stopwatch.v                   ;         ;
; ClockDivider50MHzTo100Hz.v       ; yes             ; User Verilog HDL File        ; C:/Users/lenovo/Desktop/Stopwatch/Stopwatch/ClockDivider50MHzTo100Hz.v    ;         ;
; StopwatchLogic.v                 ; yes             ; User Verilog HDL File        ; C:/Users/lenovo/Desktop/Stopwatch/Stopwatch/StopwatchLogic.v              ;         ;
; SevenSegEncoder.v                ; yes             ; User Verilog HDL File        ; C:/Users/lenovo/Desktop/Stopwatch/Stopwatch/SevenSegEncoder.v             ;         ;
; Counter.v                        ; yes             ; User Verilog HDL File        ; C:/Users/lenovo/Desktop/Stopwatch/Stopwatch/Counter.v                     ;         ;
; GetMinute.v                      ; yes             ; User Verilog HDL File        ; C:/Users/lenovo/Desktop/Stopwatch/Stopwatch/GetMinute.v                   ;         ;
; GetSecond.v                      ; yes             ; User Verilog HDL File        ; C:/Users/lenovo/Desktop/Stopwatch/Stopwatch/GetSecond.v                   ;         ;
; GetDecs.v                        ; yes             ; User Verilog HDL File        ; C:/Users/lenovo/Desktop/Stopwatch/Stopwatch/GetDecs.v                     ;         ;
; SevenSegDisplay.v                ; yes             ; User Verilog HDL File        ; C:/Users/lenovo/Desktop/Stopwatch/Stopwatch/SevenSegDisplay.v             ;         ;
; lpm_divide.tdf                   ; yes             ; Megafunction                 ; d:/program/intel/fpga/quartus/libraries/megafunctions/lpm_divide.tdf      ;         ;
; abs_divider.inc                  ; yes             ; Megafunction                 ; d:/program/intel/fpga/quartus/libraries/megafunctions/abs_divider.inc     ;         ;
; sign_div_unsign.inc              ; yes             ; Megafunction                 ; d:/program/intel/fpga/quartus/libraries/megafunctions/sign_div_unsign.inc ;         ;
; aglobal201.inc                   ; yes             ; Megafunction                 ; d:/program/intel/fpga/quartus/libraries/megafunctions/aglobal201.inc      ;         ;
; db/lpm_divide_7vl.tdf            ; yes             ; Auto-Generated Megafunction  ; C:/Users/lenovo/Desktop/Stopwatch/Stopwatch/db/lpm_divide_7vl.tdf         ;         ;
; db/sign_div_unsign_9nh.tdf       ; yes             ; Auto-Generated Megafunction  ; C:/Users/lenovo/Desktop/Stopwatch/Stopwatch/db/sign_div_unsign_9nh.tdf    ;         ;
; db/alt_u_div_ske.tdf             ; yes             ; Auto-Generated Megafunction  ; C:/Users/lenovo/Desktop/Stopwatch/Stopwatch/db/alt_u_div_ske.tdf          ;         ;
; db/add_sub_t3c.tdf               ; yes             ; Auto-Generated Megafunction  ; C:/Users/lenovo/Desktop/Stopwatch/Stopwatch/db/add_sub_t3c.tdf            ;         ;
; db/add_sub_u3c.tdf               ; yes             ; Auto-Generated Megafunction  ; C:/Users/lenovo/Desktop/Stopwatch/Stopwatch/db/add_sub_u3c.tdf            ;         ;
; db/lpm_divide_tll.tdf            ; yes             ; Auto-Generated Megafunction  ; C:/Users/lenovo/Desktop/Stopwatch/Stopwatch/db/lpm_divide_tll.tdf         ;         ;
; db/sign_div_unsign_slh.tdf       ; yes             ; Auto-Generated Megafunction  ; C:/Users/lenovo/Desktop/Stopwatch/Stopwatch/db/sign_div_unsign_slh.tdf    ;         ;
; db/alt_u_div_2ie.tdf             ; yes             ; Auto-Generated Megafunction  ; C:/Users/lenovo/Desktop/Stopwatch/Stopwatch/db/alt_u_div_2ie.tdf          ;         ;
; db/lpm_divide_qtl.tdf            ; yes             ; Auto-Generated Megafunction  ; C:/Users/lenovo/Desktop/Stopwatch/Stopwatch/db/lpm_divide_qtl.tdf         ;         ;
; db/lpm_divide_sll.tdf            ; yes             ; Auto-Generated Megafunction  ; C:/Users/lenovo/Desktop/Stopwatch/Stopwatch/db/lpm_divide_sll.tdf         ;         ;
; db/sign_div_unsign_rlh.tdf       ; yes             ; Auto-Generated Megafunction  ; C:/Users/lenovo/Desktop/Stopwatch/Stopwatch/db/sign_div_unsign_rlh.tdf    ;         ;
; db/alt_u_div_0ie.tdf             ; yes             ; Auto-Generated Megafunction  ; C:/Users/lenovo/Desktop/Stopwatch/Stopwatch/db/alt_u_div_0ie.tdf          ;         ;
+----------------------------------+-----------------+------------------------------+---------------------------------------------------------------------------+---------+


+-------------------------------------------------------------------------------------------+
; Analysis & Synthesis Resource Usage Summary                                               ;
+---------------------------------------------+---------------------------------------------+
; Resource                                    ; Usage                                       ;
+---------------------------------------------+---------------------------------------------+
; Estimated Total logic elements              ; 1,663                                       ;
;                                             ;                                             ;
; Total combinational functions               ; 1661                                        ;
; Logic element usage by number of LUT inputs ;                                             ;
;     -- 4 input functions                    ; 428                                         ;
;     -- 3 input functions                    ; 420                                         ;
;     -- <=2 input functions                  ; 813                                         ;
;                                             ;                                             ;
; Logic elements by mode                      ;                                             ;
;     -- normal mode                          ; 1181                                        ;
;     -- arithmetic mode                      ; 480                                         ;
;                                             ;                                             ;
; Total registers                             ; 71                                          ;
;     -- Dedicated logic registers            ; 71                                          ;
;     -- I/O registers                        ; 0                                           ;
;                                             ;                                             ;
; I/O pins                                    ; 53                                          ;
;                                             ;                                             ;
; Embedded Multiplier 9-bit elements          ; 0                                           ;
;                                             ;                                             ;
; Maximum fan-out node                        ; ClockDivider50MHzTo100Hz:divider0|CLK_100Hz ;
; Maximum fan-out                             ; 46                                          ;
; Total fan-out                               ; 4782                                        ;
; Average fan-out                             ; 2.60                                        ;
+---------------------------------------------+---------------------------------------------+


+-----------------------------------------------------------------------------------------------------------------------------------------------------------------------------------------------------------------------------------------------------------------------------------------------------------------------------------------------------------------------------------------------+
; Analysis & Synthesis Resource Utilization by Entity                                                                                                                                                                                                                                                                                                                                           ;
+----------------------------------------------+---------------------+---------------------------+-------------+------------+--------------+---------+-----------+------+--------------+------------+-------------------------------------------------------------------------------------------------------------------------------------------------+--------------------------+--------------+
; Compilation Hierarchy Node                   ; Combinational ALUTs ; Dedicated Logic Registers ; Memory Bits ; UFM Blocks ; DSP Elements ; DSP 9x9 ; DSP 18x18 ; Pins ; Virtual Pins ; ADC blocks ; Full Hierarchy Name                                                                                                                             ; Entity Name              ; Library Name ;
+----------------------------------------------+---------------------+---------------------------+-------------+------------+--------------+---------+-----------+------+--------------+------------+-------------------------------------------------------------------------------------------------------------------------------------------------+--------------------------+--------------+
; |Stopwatch                                   ; 1661 (1)            ; 71 (0)                    ; 0           ; 0          ; 0            ; 0       ; 0         ; 53   ; 0            ; 0          ; |Stopwatch                                                                                                                                      ; Stopwatch                ; work         ;
;    |ClockDivider50MHzTo100Hz:divider0|       ; 32 (32)             ; 25 (25)                   ; 0           ; 0          ; 0            ; 0       ; 0         ; 0    ; 0            ; 0          ; |Stopwatch|ClockDivider50MHzTo100Hz:divider0                                                                                                    ; ClockDivider50MHzTo100Hz ; work         ;
;    |SevenSegEncoder:sevenseg0|               ; 89 (0)              ; 0 (0)                     ; 0           ; 0          ; 0            ; 0       ; 0         ; 0    ; 0            ; 0          ; |Stopwatch|SevenSegEncoder:sevenseg0                                                                                                            ; SevenSegEncoder          ; work         ;
;       |BCDEncoder:b0|                        ; 17 (17)             ; 0 (0)                     ; 0           ; 0          ; 0            ; 0       ; 0         ; 0    ; 0            ; 0          ; |Stopwatch|SevenSegEncoder:sevenseg0|BCDEncoder:b0                                                                                              ; BCDEncoder               ; work         ;
;       |BCDEncoder:b1|                        ; 9 (9)               ; 0 (0)                     ; 0           ; 0          ; 0            ; 0       ; 0         ; 0    ; 0            ; 0          ; |Stopwatch|SevenSegEncoder:sevenseg0|BCDEncoder:b1                                                                                              ; BCDEncoder               ; work         ;
;       |BCDEncoder:b2|                        ; 17 (17)             ; 0 (0)                     ; 0           ; 0          ; 0            ; 0       ; 0         ; 0    ; 0            ; 0          ; |Stopwatch|SevenSegEncoder:sevenseg0|BCDEncoder:b2                                                                                              ; BCDEncoder               ; work         ;
;       |SevenSegDisplay:dis0|                 ; 8 (8)               ; 0 (0)                     ; 0           ; 0          ; 0            ; 0       ; 0         ; 0    ; 0            ; 0          ; |Stopwatch|SevenSegEncoder:sevenseg0|SevenSegDisplay:dis0                                                                                       ; SevenSegDisplay          ; work         ;
;       |SevenSegDisplay:dis1|                 ; 7 (7)               ; 0 (0)                     ; 0           ; 0          ; 0            ; 0       ; 0         ; 0    ; 0            ; 0          ; |Stopwatch|SevenSegEncoder:sevenseg0|SevenSegDisplay:dis1                                                                                       ; SevenSegDisplay          ; work         ;
;       |SevenSegDisplay:dis2|                 ; 7 (7)               ; 0 (0)                     ; 0           ; 0          ; 0            ; 0       ; 0         ; 0    ; 0            ; 0          ; |Stopwatch|SevenSegEncoder:sevenseg0|SevenSegDisplay:dis2                                                                                       ; SevenSegDisplay          ; work         ;
;       |SevenSegDisplay:dis3|                 ; 9 (9)               ; 0 (0)                     ; 0           ; 0          ; 0            ; 0       ; 0         ; 0    ; 0            ; 0          ; |Stopwatch|SevenSegEncoder:sevenseg0|SevenSegDisplay:dis3                                                                                       ; SevenSegDisplay          ; work         ;
;       |SevenSegDisplay:dis4|                 ; 7 (7)               ; 0 (0)                     ; 0           ; 0          ; 0            ; 0       ; 0         ; 0    ; 0            ; 0          ; |Stopwatch|SevenSegEncoder:sevenseg0|SevenSegDisplay:dis4                                                                                       ; SevenSegDisplay          ; work         ;
;       |SevenSegDisplay:dis5|                 ; 8 (8)               ; 0 (0)                     ; 0           ; 0          ; 0            ; 0       ; 0         ; 0    ; 0            ; 0          ; |Stopwatch|SevenSegEncoder:sevenseg0|SevenSegDisplay:dis5                                                                                       ; SevenSegDisplay          ; work         ;
;    |StopwatchLogic:logic0|                   ; 1539 (9)            ; 46 (2)                    ; 0           ; 0          ; 0            ; 0       ; 0         ; 0    ; 0            ; 0          ; |Stopwatch|StopwatchLogic:logic0                                                                                                                ; StopwatchLogic           ; work         ;
;       |Counter:count0|                       ; 30 (30)             ; 24 (24)                   ; 0           ; 0          ; 0            ; 0       ; 0         ; 0    ; 0            ; 0          ; |Stopwatch|StopwatchLogic:logic0|Counter:count0                                                                                                 ; Counter                  ; work         ;
;       |GetDecs:decs0|                        ; 355 (0)             ; 7 (7)                     ; 0           ; 0          ; 0            ; 0       ; 0         ; 0    ; 0            ; 0          ; |Stopwatch|StopwatchLogic:logic0|GetDecs:decs0                                                                                                  ; GetDecs                  ; work         ;
;          |lpm_divide:Mod0|                   ; 355 (0)             ; 0 (0)                     ; 0           ; 0          ; 0            ; 0       ; 0         ; 0    ; 0            ; 0          ; |Stopwatch|StopwatchLogic:logic0|GetDecs:decs0|lpm_divide:Mod0                                                                                  ; lpm_divide               ; work         ;
;             |lpm_divide_tll:auto_generated|  ; 355 (0)             ; 0 (0)                     ; 0           ; 0          ; 0            ; 0       ; 0         ; 0    ; 0            ; 0          ; |Stopwatch|StopwatchLogic:logic0|GetDecs:decs0|lpm_divide:Mod0|lpm_divide_tll:auto_generated                                                    ; lpm_divide_tll           ; work         ;
;                |sign_div_unsign_slh:divider| ; 355 (0)             ; 0 (0)                     ; 0           ; 0          ; 0            ; 0       ; 0         ; 0    ; 0            ; 0          ; |Stopwatch|StopwatchLogic:logic0|GetDecs:decs0|lpm_divide:Mod0|lpm_divide_tll:auto_generated|sign_div_unsign_slh:divider                        ; sign_div_unsign_slh      ; work         ;
;                   |alt_u_div_2ie:divider|    ; 355 (355)           ; 0 (0)                     ; 0           ; 0          ; 0            ; 0       ; 0         ; 0    ; 0            ; 0          ; |Stopwatch|StopwatchLogic:logic0|GetDecs:decs0|lpm_divide:Mod0|lpm_divide_tll:auto_generated|sign_div_unsign_slh:divider|alt_u_div_2ie:divider  ; alt_u_div_2ie            ; work         ;
;       |GetMinute:min0|                       ; 563 (0)             ; 7 (7)                     ; 0           ; 0          ; 0            ; 0       ; 0         ; 0    ; 0            ; 0          ; |Stopwatch|StopwatchLogic:logic0|GetMinute:min0                                                                                                 ; GetMinute                ; work         ;
;          |lpm_divide:Div0|                   ; 432 (0)             ; 0 (0)                     ; 0           ; 0          ; 0            ; 0       ; 0         ; 0    ; 0            ; 0          ; |Stopwatch|StopwatchLogic:logic0|GetMinute:min0|lpm_divide:Div0                                                                                 ; lpm_divide               ; work         ;
;             |lpm_divide_7vl:auto_generated|  ; 432 (0)             ; 0 (0)                     ; 0           ; 0          ; 0            ; 0       ; 0         ; 0    ; 0            ; 0          ; |Stopwatch|StopwatchLogic:logic0|GetMinute:min0|lpm_divide:Div0|lpm_divide_7vl:auto_generated                                                   ; lpm_divide_7vl           ; work         ;
;                |sign_div_unsign_9nh:divider| ; 432 (0)             ; 0 (0)                     ; 0           ; 0          ; 0            ; 0       ; 0         ; 0    ; 0            ; 0          ; |Stopwatch|StopwatchLogic:logic0|GetMinute:min0|lpm_divide:Div0|lpm_divide_7vl:auto_generated|sign_div_unsign_9nh:divider                       ; sign_div_unsign_9nh      ; work         ;
;                   |alt_u_div_ske:divider|    ; 432 (432)           ; 0 (0)                     ; 0           ; 0          ; 0            ; 0       ; 0         ; 0    ; 0            ; 0          ; |Stopwatch|StopwatchLogic:logic0|GetMinute:min0|lpm_divide:Div0|lpm_divide_7vl:auto_generated|sign_div_unsign_9nh:divider|alt_u_div_ske:divider ; alt_u_div_ske            ; work         ;
;          |lpm_divide:Mod0|                   ; 131 (0)             ; 0 (0)                     ; 0           ; 0          ; 0            ; 0       ; 0         ; 0    ; 0            ; 0          ; |Stopwatch|StopwatchLogic:logic0|GetMinute:min0|lpm_divide:Mod0                                                                                 ; lpm_divide               ; work         ;
;             |lpm_divide_tll:auto_generated|  ; 131 (0)             ; 0 (0)                     ; 0           ; 0          ; 0            ; 0       ; 0         ; 0    ; 0            ; 0          ; |Stopwatch|StopwatchLogic:logic0|GetMinute:min0|lpm_divide:Mod0|lpm_divide_tll:auto_generated                                                   ; lpm_divide_tll           ; work         ;
;                |sign_div_unsign_slh:divider| ; 131 (0)             ; 0 (0)                     ; 0           ; 0          ; 0            ; 0       ; 0         ; 0    ; 0            ; 0          ; |Stopwatch|StopwatchLogic:logic0|GetMinute:min0|lpm_divide:Mod0|lpm_divide_tll:auto_generated|sign_div_unsign_slh:divider                       ; sign_div_unsign_slh      ; work         ;
;                   |alt_u_div_2ie:divider|    ; 131 (131)           ; 0 (0)                     ; 0           ; 0          ; 0            ; 0       ; 0         ; 0    ; 0            ; 0          ; |Stopwatch|StopwatchLogic:logic0|GetMinute:min0|lpm_divide:Mod0|lpm_divide_tll:auto_generated|sign_div_unsign_slh:divider|alt_u_div_2ie:divider ; alt_u_div_2ie            ; work         ;
;       |GetSecond:sec0|                       ; 582 (1)             ; 6 (6)                     ; 0           ; 0          ; 0            ; 0       ; 0         ; 0    ; 0            ; 0          ; |Stopwatch|StopwatchLogic:logic0|GetSecond:sec0                                                                                                 ; GetSecond                ; work         ;
;          |lpm_divide:Div0|                   ; 329 (0)             ; 0 (0)                     ; 0           ; 0          ; 0            ; 0       ; 0         ; 0    ; 0            ; 0          ; |Stopwatch|StopwatchLogic:logic0|GetSecond:sec0|lpm_divide:Div0                                                                                 ; lpm_divide               ; work         ;
;             |lpm_divide_qtl:auto_generated|  ; 329 (0)             ; 0 (0)                     ; 0           ; 0          ; 0            ; 0       ; 0         ; 0    ; 0            ; 0          ; |Stopwatch|StopwatchLogic:logic0|GetSecond:sec0|lpm_divide:Div0|lpm_divide_qtl:auto_generated                                                   ; lpm_divide_qtl           ; work         ;
;                |sign_div_unsign_slh:divider| ; 329 (0)             ; 0 (0)                     ; 0           ; 0          ; 0            ; 0       ; 0         ; 0    ; 0            ; 0          ; |Stopwatch|StopwatchLogic:logic0|GetSecond:sec0|lpm_divide:Div0|lpm_divide_qtl:auto_generated|sign_div_unsign_slh:divider                       ; sign_div_unsign_slh      ; work         ;
;                   |alt_u_div_2ie:divider|    ; 329 (329)           ; 0 (0)                     ; 0           ; 0          ; 0            ; 0       ; 0         ; 0    ; 0            ; 0          ; |Stopwatch|StopwatchLogic:logic0|GetSecond:sec0|lpm_divide:Div0|lpm_divide_qtl:auto_generated|sign_div_unsign_slh:divider|alt_u_div_2ie:divider ; alt_u_div_2ie            ; work         ;
;          |lpm_divide:Mod0|                   ; 252 (0)             ; 0 (0)                     ; 0           ; 0          ; 0            ; 0       ; 0         ; 0    ; 0            ; 0          ; |Stopwatch|StopwatchLogic:logic0|GetSecond:sec0|lpm_divide:Mod0                                                                                 ; lpm_divide               ; work         ;
;             |lpm_divide_sll:auto_generated|  ; 252 (0)             ; 0 (0)                     ; 0           ; 0          ; 0            ; 0       ; 0         ; 0    ; 0            ; 0          ; |Stopwatch|StopwatchLogic:logic0|GetSecond:sec0|lpm_divide:Mod0|lpm_divide_sll:auto_generated                                                   ; lpm_divide_sll           ; work         ;
;                |sign_div_unsign_rlh:divider| ; 252 (0)             ; 0 (0)                     ; 0           ; 0          ; 0            ; 0       ; 0         ; 0    ; 0            ; 0          ; |Stopwatch|StopwatchLogic:logic0|GetSecond:sec0|lpm_divide:Mod0|lpm_divide_sll:auto_generated|sign_div_unsign_rlh:divider                       ; sign_div_unsign_rlh      ; work         ;
;                   |alt_u_div_0ie:divider|    ; 252 (252)           ; 0 (0)                     ; 0           ; 0          ; 0            ; 0       ; 0         ; 0    ; 0            ; 0          ; |Stopwatch|StopwatchLogic:logic0|GetSecond:sec0|lpm_divide:Mod0|lpm_divide_sll:auto_generated|sign_div_unsign_rlh:divider|alt_u_div_0ie:divider ; alt_u_div_0ie            ; work         ;
+----------------------------------------------+---------------------+---------------------------+-------------+------------+--------------+---------+-----------+------+--------------+------------+-------------------------------------------------------------------------------------------------------------------------------------------------+--------------------------+--------------+
Note: For table entries with two numbers listed, the numbers in parentheses indicate the number of resources of the given type used by the specific entity alone. The numbers listed outside of parentheses indicate the total resources of the given type used by the specific entity and all of its sub-entities in the hierarchy.


+------------------------------------------------------+
; General Register Statistics                          ;
+----------------------------------------------+-------+
; Statistic                                    ; Value ;
+----------------------------------------------+-------+
; Total registers                              ; 71    ;
; Number of registers using Synchronous Clear  ; 24    ;
; Number of registers using Synchronous Load   ; 24    ;
; Number of registers using Asynchronous Clear ; 24    ;
; Number of registers using Asynchronous Load  ; 0     ;
; Number of registers using Clock Enable       ; 24    ;
; Number of registers using Preset             ; 0     ;
+----------------------------------------------+-------+


+--------------------------------------------------+
; Inverted Register Statistics                     ;
+----------------------------------------+---------+
; Inverted Register                      ; Fan out ;
+----------------------------------------+---------+
; StopwatchLogic:logic0|started          ; 3       ;
; Total number of inverted registers = 1 ;         ;
+----------------------------------------+---------+


+-------------------------------------------------------------------------------------------------------+
; Parameter Settings for Inferred Entity Instance: StopwatchLogic:logic0|GetMinute:min0|lpm_divide:Div0 ;
+------------------------+----------------+-------------------------------------------------------------+
; Parameter Name         ; Value          ; Type                                                        ;
+------------------------+----------------+-------------------------------------------------------------+
; LPM_WIDTHN             ; 24             ; Untyped                                                     ;
; LPM_WIDTHD             ; 13             ; Untyped                                                     ;
; LPM_NREPRESENTATION    ; UNSIGNED       ; Untyped                                                     ;
; LPM_DREPRESENTATION    ; UNSIGNED       ; Untyped                                                     ;
; LPM_PIPELINE           ; 0              ; Untyped                                                     ;
; LPM_REMAINDERPOSITIVE  ; TRUE           ; Untyped                                                     ;
; MAXIMIZE_SPEED         ; 5              ; Untyped                                                     ;
; CBXI_PARAMETER         ; lpm_divide_7vl ; Untyped                                                     ;
; CARRY_CHAIN            ; MANUAL         ; Untyped                                                     ;
; OPTIMIZE_FOR_SPEED     ; 5              ; Untyped                                                     ;
; AUTO_CARRY_CHAINS      ; ON             ; AUTO_CARRY                                                  ;
; IGNORE_CARRY_BUFFERS   ; OFF            ; IGNORE_CARRY                                                ;
; AUTO_CASCADE_CHAINS    ; ON             ; AUTO_CASCADE                                                ;
; IGNORE_CASCADE_BUFFERS ; OFF            ; IGNORE_CASCADE                                              ;
+------------------------+----------------+-------------------------------------------------------------+
Note: In order to hide this table in the UI and the text report file, please set the "Show Parameter Settings in Synthesis Report" option in "Analysis and Synthesis Settings -> More Settings" to "Off".


+-------------------------------------------------------------------------------------------------------+
; Parameter Settings for Inferred Entity Instance: StopwatchLogic:logic0|GetMinute:min0|lpm_divide:Mod0 ;
+------------------------+----------------+-------------------------------------------------------------+
; Parameter Name         ; Value          ; Type                                                        ;
+------------------------+----------------+-------------------------------------------------------------+
; LPM_WIDTHN             ; 24             ; Untyped                                                     ;
; LPM_WIDTHD             ; 7              ; Untyped                                                     ;
; LPM_NREPRESENTATION    ; UNSIGNED       ; Untyped                                                     ;
; LPM_DREPRESENTATION    ; UNSIGNED       ; Untyped                                                     ;
; LPM_PIPELINE           ; 0              ; Untyped                                                     ;
; LPM_REMAINDERPOSITIVE  ; TRUE           ; Untyped                                                     ;
; MAXIMIZE_SPEED         ; 5              ; Untyped                                                     ;
; CBXI_PARAMETER         ; lpm_divide_tll ; Untyped                                                     ;
; CARRY_CHAIN            ; MANUAL         ; Untyped                                                     ;
; OPTIMIZE_FOR_SPEED     ; 5              ; Untyped                                                     ;
; AUTO_CARRY_CHAINS      ; ON             ; AUTO_CARRY                                                  ;
; IGNORE_CARRY_BUFFERS   ; OFF            ; IGNORE_CARRY                                                ;
; AUTO_CASCADE_CHAINS    ; ON             ; AUTO_CASCADE                                                ;
; IGNORE_CASCADE_BUFFERS ; OFF            ; IGNORE_CASCADE                                              ;
+------------------------+----------------+-------------------------------------------------------------+
Note: In order to hide this table in the UI and the text report file, please set the "Show Parameter Settings in Synthesis Report" option in "Analysis and Synthesis Settings -> More Settings" to "Off".


+-------------------------------------------------------------------------------------------------------+
; Parameter Settings for Inferred Entity Instance: StopwatchLogic:logic0|GetSecond:sec0|lpm_divide:Div0 ;
+------------------------+----------------+-------------------------------------------------------------+
; Parameter Name         ; Value          ; Type                                                        ;
+------------------------+----------------+-------------------------------------------------------------+
; LPM_WIDTHN             ; 24             ; Untyped                                                     ;
; LPM_WIDTHD             ; 7              ; Untyped                                                     ;
; LPM_NREPRESENTATION    ; UNSIGNED       ; Untyped                                                     ;
; LPM_DREPRESENTATION    ; UNSIGNED       ; Untyped                                                     ;
; LPM_PIPELINE           ; 0              ; Untyped                                                     ;
; LPM_REMAINDERPOSITIVE  ; TRUE           ; Untyped                                                     ;
; MAXIMIZE_SPEED         ; 5              ; Untyped                                                     ;
; CBXI_PARAMETER         ; lpm_divide_qtl ; Untyped                                                     ;
; CARRY_CHAIN            ; MANUAL         ; Untyped                                                     ;
; OPTIMIZE_FOR_SPEED     ; 5              ; Untyped                                                     ;
; AUTO_CARRY_CHAINS      ; ON             ; AUTO_CARRY                                                  ;
; IGNORE_CARRY_BUFFERS   ; OFF            ; IGNORE_CARRY                                                ;
; AUTO_CASCADE_CHAINS    ; ON             ; AUTO_CASCADE                                                ;
; IGNORE_CASCADE_BUFFERS ; OFF            ; IGNORE_CASCADE                                              ;
+------------------------+----------------+-------------------------------------------------------------+
Note: In order to hide this table in the UI and the text report file, please set the "Show Parameter Settings in Synthesis Report" option in "Analysis and Synthesis Settings -> More Settings" to "Off".


+-------------------------------------------------------------------------------------------------------+
; Parameter Settings for Inferred Entity Instance: StopwatchLogic:logic0|GetSecond:sec0|lpm_divide:Mod0 ;
+------------------------+----------------+-------------------------------------------------------------+
; Parameter Name         ; Value          ; Type                                                        ;
+------------------------+----------------+-------------------------------------------------------------+
; LPM_WIDTHN             ; 24             ; Untyped                                                     ;
; LPM_WIDTHD             ; 6              ; Untyped                                                     ;
; LPM_NREPRESENTATION    ; UNSIGNED       ; Untyped                                                     ;
; LPM_DREPRESENTATION    ; UNSIGNED       ; Untyped                                                     ;
; LPM_PIPELINE           ; 0              ; Untyped                                                     ;
; LPM_REMAINDERPOSITIVE  ; TRUE           ; Untyped                                                     ;
; MAXIMIZE_SPEED         ; 5              ; Untyped                                                     ;
; CBXI_PARAMETER         ; lpm_divide_sll ; Untyped                                                     ;
; CARRY_CHAIN            ; MANUAL         ; Untyped                                                     ;
; OPTIMIZE_FOR_SPEED     ; 5              ; Untyped                                                     ;
; AUTO_CARRY_CHAINS      ; ON             ; AUTO_CARRY                                                  ;
; IGNORE_CARRY_BUFFERS   ; OFF            ; IGNORE_CARRY                                                ;
; AUTO_CASCADE_CHAINS    ; ON             ; AUTO_CASCADE                                                ;
; IGNORE_CASCADE_BUFFERS ; OFF            ; IGNORE_CASCADE                                              ;
+------------------------+----------------+-------------------------------------------------------------+
Note: In order to hide this table in the UI and the text report file, please set the "Show Parameter Settings in Synthesis Report" option in "Analysis and Synthesis Settings -> More Settings" to "Off".


+------------------------------------------------------------------------------------------------------+
; Parameter Settings for Inferred Entity Instance: StopwatchLogic:logic0|GetDecs:decs0|lpm_divide:Mod0 ;
+------------------------+----------------+------------------------------------------------------------+
; Parameter Name         ; Value          ; Type                                                       ;
+------------------------+----------------+------------------------------------------------------------+
; LPM_WIDTHN             ; 24             ; Untyped                                                    ;
; LPM_WIDTHD             ; 7              ; Untyped                                                    ;
; LPM_NREPRESENTATION    ; UNSIGNED       ; Untyped                                                    ;
; LPM_DREPRESENTATION    ; UNSIGNED       ; Untyped                                                    ;
; LPM_PIPELINE           ; 0              ; Untyped                                                    ;
; LPM_REMAINDERPOSITIVE  ; TRUE           ; Untyped                                                    ;
; MAXIMIZE_SPEED         ; 5              ; Untyped                                                    ;
; CBXI_PARAMETER         ; lpm_divide_tll ; Untyped                                                    ;
; CARRY_CHAIN            ; MANUAL         ; Untyped                                                    ;
; OPTIMIZE_FOR_SPEED     ; 5              ; Untyped                                                    ;
; AUTO_CARRY_CHAINS      ; ON             ; AUTO_CARRY                                                 ;
; IGNORE_CARRY_BUFFERS   ; OFF            ; IGNORE_CARRY                                               ;
; AUTO_CASCADE_CHAINS    ; ON             ; AUTO_CASCADE                                               ;
; IGNORE_CASCADE_BUFFERS ; OFF            ; IGNORE_CASCADE                                             ;
+------------------------+----------------+------------------------------------------------------------+
Note: In order to hide this table in the UI and the text report file, please set the "Show Parameter Settings in Synthesis Report" option in "Analysis and Synthesis Settings -> More Settings" to "Off".


+-------------------------------------------------------------------------------------------------------------------------+
; Port Connectivity Checks: "SevenSegEncoder:sevenseg0|BCDEncoder:b2"                                                     ;
+---------------+--------+----------+-------------------------------------------------------------------------------------+
; Port          ; Type   ; Severity ; Details                                                                             ;
+---------------+--------+----------+-------------------------------------------------------------------------------------+
; BinaryIn[7]   ; Input  ; Info     ; Stuck at GND                                                                        ;
; BCDOut[11..8] ; Output ; Info     ; Connected to dangling logic. Logic that only feeds a dangling port will be removed. ;
+---------------+--------+----------+-------------------------------------------------------------------------------------+


+--------------------------------------------------------------------------------------------------------------------------+
; Port Connectivity Checks: "SevenSegEncoder:sevenseg0|BCDEncoder:b1"                                                      ;
+----------------+--------+----------+-------------------------------------------------------------------------------------+
; Port           ; Type   ; Severity ; Details                                                                             ;
+----------------+--------+----------+-------------------------------------------------------------------------------------+
; BinaryIn[7..6] ; Input  ; Info     ; Stuck at GND                                                                        ;
; BCDOut[11..8]  ; Output ; Info     ; Connected to dangling logic. Logic that only feeds a dangling port will be removed. ;
+----------------+--------+----------+-------------------------------------------------------------------------------------+


+-------------------------------------------------------------------------------------------------------------------------+
; Port Connectivity Checks: "SevenSegEncoder:sevenseg0|BCDEncoder:b0"                                                     ;
+---------------+--------+----------+-------------------------------------------------------------------------------------+
; Port          ; Type   ; Severity ; Details                                                                             ;
+---------------+--------+----------+-------------------------------------------------------------------------------------+
; BinaryIn[7]   ; Input  ; Info     ; Stuck at GND                                                                        ;
; BCDOut[11..8] ; Output ; Info     ; Connected to dangling logic. Logic that only feeds a dangling port will be removed. ;
+---------------+--------+----------+-------------------------------------------------------------------------------------+


+-----------------------------------------------------+
; Post-Synthesis Netlist Statistics for Top Partition ;
+-----------------------+-----------------------------+
; Type                  ; Count                       ;
+-----------------------+-----------------------------+
; boundary_port         ; 53                          ;
; cycloneiii_ff         ; 71                          ;
;     ENA CLR SLD       ; 24                          ;
;     SCLR              ; 24                          ;
;     plain             ; 23                          ;
; cycloneiii_lcell_comb ; 1667                        ;
;     arith             ; 480                         ;
;         1 data inputs ; 2                           ;
;         2 data inputs ; 74                          ;
;         3 data inputs ; 404                         ;
;     normal            ; 1187                        ;
;         0 data inputs ; 69                          ;
;         1 data inputs ; 28                          ;
;         2 data inputs ; 646                         ;
;         3 data inputs ; 16                          ;
;         4 data inputs ; 428                         ;
;                       ;                             ;
; Max LUT depth         ; 47.10                       ;
; Average LUT depth     ; 37.42                       ;
+-----------------------+-----------------------------+


+-------------------------------+
; Elapsed Time Per Partition    ;
+----------------+--------------+
; Partition Name ; Elapsed Time ;
+----------------+--------------+
; Top            ; 00:00:03     ;
+----------------+--------------+


+-------------------------------+
; Analysis & Synthesis Messages ;
+-------------------------------+
Info: *******************************************************************
Info: Running Quartus Prime Analysis & Synthesis
    Info: Version 20.1.1 Build 720 11/11/2020 SJ Lite Edition
    Info: Processing started: Wed May 05 16:18:27 2021
Info: Command: quartus_map --read_settings_files=on --write_settings_files=off Stopwatch -c Stopwatch
Warning (18236): Number of processors has not been specified which may cause overloading on shared machines.  Set the global assignment NUM_PARALLEL_PROCESSORS in your QSF to an appropriate value for best performance.
Info (20030): Parallel compilation is enabled and will use 8 of the 8 processors detected
Info (12021): Found 1 design units, including 1 entities, in source file bcdencoder.v
    Info (12023): Found entity 1: BCDEncoder File: C:/Users/lenovo/Desktop/Stopwatch/Stopwatch/BCDEncoder.v Line: 1
Info (12021): Found 1 design units, including 1 entities, in source file stopwatch.v
    Info (12023): Found entity 1: Stopwatch File: C:/Users/lenovo/Desktop/Stopwatch/Stopwatch/Stopwatch.v Line: 1
Info (12021): Found 1 design units, including 1 entities, in source file clockdivider50mhzto100hz.v
    Info (12023): Found entity 1: ClockDivider50MHzTo100Hz File: C:/Users/lenovo/Desktop/Stopwatch/Stopwatch/ClockDivider50MHzTo100Hz.v Line: 1
Info (12021): Found 1 design units, including 1 entities, in source file stopwatchlogic.v
    Info (12023): Found entity 1: StopwatchLogic File: C:/Users/lenovo/Desktop/Stopwatch/Stopwatch/StopwatchLogic.v Line: 1
Info (12021): Found 1 design units, including 1 entities, in source file sevensegencoder.v
    Info (12023): Found entity 1: SevenSegEncoder File: C:/Users/lenovo/Desktop/Stopwatch/Stopwatch/SevenSegEncoder.v Line: 1
Info (12021): Found 1 design units, including 1 entities, in source file counter.v
    Info (12023): Found entity 1: Counter File: C:/Users/lenovo/Desktop/Stopwatch/Stopwatch/Counter.v Line: 1
Info (12021): Found 1 design units, including 1 entities, in source file getminute.v
    Info (12023): Found entity 1: GetMinute File: C:/Users/lenovo/Desktop/Stopwatch/Stopwatch/GetMinute.v Line: 1
Info (12021): Found 1 design units, including 1 entities, in source file getsecond.v
    Info (12023): Found entity 1: GetSecond File: C:/Users/lenovo/Desktop/Stopwatch/Stopwatch/GetSecond.v Line: 1
Info (12021): Found 1 design units, including 1 entities, in source file getdecs.v
    Info (12023): Found entity 1: GetDecs File: C:/Users/lenovo/Desktop/Stopwatch/Stopwatch/GetDecs.v Line: 1
Info (12021): Found 1 design units, including 1 entities, in source file sevensegdisplay.v
    Info (12023): Found entity 1: SevenSegDisplay File: C:/Users/lenovo/Desktop/Stopwatch/Stopwatch/SevenSegDisplay.v Line: 1
Info (12021): Found 1 design units, including 1 entities, in source file sevensegencoder_tb.v
    Info (12023): Found entity 1: SevenSegEncoder_tb File: C:/Users/lenovo/Desktop/Stopwatch/Stopwatch/SevenSegEncoder_tb.v Line: 3
Info (12021): Found 1 design units, including 1 entities, in source file stopwatchlogic_tb.v
    Info (12023): Found entity 1: StopwatchLogic_tb File: C:/Users/lenovo/Desktop/Stopwatch/Stopwatch/StopwatchLogic_tb.v Line: 3
Info (12127): Elaborating entity "Stopwatch" for the top level hierarchy
Info (12128): Elaborating entity "ClockDivider50MHzTo100Hz" for hierarchy "ClockDivider50MHzTo100Hz:divider0" File: C:/Users/lenovo/Desktop/Stopwatch/Stopwatch/Stopwatch.v Line: 49
Warning (10230): Verilog HDL assignment warning at ClockDivider50MHzTo100Hz.v(33): truncated value with size 32 to match size of target (24) File: C:/Users/lenovo/Desktop/Stopwatch/Stopwatch/ClockDivider50MHzTo100Hz.v Line: 33
Info (12128): Elaborating entity "StopwatchLogic" for hierarchy "StopwatchLogic:logic0" File: C:/Users/lenovo/Desktop/Stopwatch/Stopwatch/Stopwatch.v Line: 69
Warning (10230): Verilog HDL assignment warning at StopwatchLogic.v(98): truncated value with size 32 to match size of target (1) File: C:/Users/lenovo/Desktop/Stopwatch/Stopwatch/StopwatchLogic.v Line: 98
Info (12128): Elaborating entity "Counter" for hierarchy "StopwatchLogic:logic0|Counter:count0" File: C:/Users/lenovo/Desktop/Stopwatch/Stopwatch/StopwatchLogic.v Line: 54
Warning (10230): Verilog HDL assignment warning at Counter.v(37): truncated value with size 32 to match size of target (24) File: C:/Users/lenovo/Desktop/Stopwatch/Stopwatch/Counter.v Line: 37
Info (12128): Elaborating entity "GetDecs" for hierarchy "StopwatchLogic:logic0|GetDecs:decs0" File: C:/Users/lenovo/Desktop/Stopwatch/Stopwatch/StopwatchLogic.v Line: 64
Warning (10230): Verilog HDL assignment warning at GetDecs.v(21): truncated value with size 32 to match size of target (24) File: C:/Users/lenovo/Desktop/Stopwatch/Stopwatch/GetDecs.v Line: 21
Info (12128): Elaborating entity "GetSecond" for hierarchy "StopwatchLogic:logic0|GetSecond:sec0" File: C:/Users/lenovo/Desktop/Stopwatch/Stopwatch/StopwatchLogic.v Line: 74
Warning (10230): Verilog HDL assignment warning at GetSecond.v(21): truncated value with size 32 to match size of target (24) File: C:/Users/lenovo/Desktop/Stopwatch/Stopwatch/GetSecond.v Line: 21
Warning (10230): Verilog HDL assignment warning at GetSecond.v(23): truncated value with size 32 to match size of target (24) File: C:/Users/lenovo/Desktop/Stopwatch/Stopwatch/GetSecond.v Line: 23
Info (12128): Elaborating entity "GetMinute" for hierarchy "StopwatchLogic:logic0|GetMinute:min0" File: C:/Users/lenovo/Desktop/Stopwatch/Stopwatch/StopwatchLogic.v Line: 84
Warning (10230): Verilog HDL assignment warning at GetMinute.v(21): truncated value with size 32 to match size of target (24) File: C:/Users/lenovo/Desktop/Stopwatch/Stopwatch/GetMinute.v Line: 21
Warning (10230): Verilog HDL assignment warning at GetMinute.v(23): truncated value with size 32 to match size of target (24) File: C:/Users/lenovo/Desktop/Stopwatch/Stopwatch/GetMinute.v Line: 23
Info (12128): Elaborating entity "SevenSegEncoder" for hierarchy "SevenSegEncoder:sevenseg0" File: C:/Users/lenovo/Desktop/Stopwatch/Stopwatch/Stopwatch.v Line: 91
Info (12128): Elaborating entity "BCDEncoder" for hierarchy "SevenSegEncoder:sevenseg0|BCDEncoder:b0" File: C:/Users/lenovo/Desktop/Stopwatch/Stopwatch/SevenSegEncoder.v Line: 42
Info (12128): Elaborating entity "SevenSegDisplay" for hierarchy "SevenSegEncoder:sevenseg0|SevenSegDisplay:dis0" File: C:/Users/lenovo/Desktop/Stopwatch/Stopwatch/SevenSegEncoder.v Line: 70
Info (278001): Inferred 5 megafunctions from design logic
    Info (278004): Inferred divider/modulo megafunction ("lpm_divide") from the following logic: "StopwatchLogic:logic0|GetMinute:min0|Div0" File: C:/Users/lenovo/Desktop/Stopwatch/Stopwatch/GetMinute.v Line: 21
    Info (278004): Inferred divider/modulo megafunction ("lpm_divide") from the following logic: "StopwatchLogic:logic0|GetMinute:min0|Mod0" File: C:/Users/lenovo/Desktop/Stopwatch/Stopwatch/GetMinute.v Line: 23
    Info (278004): Inferred divider/modulo megafunction ("lpm_divide") from the following logic: "StopwatchLogic:logic0|GetSecond:sec0|Div0" File: C:/Users/lenovo/Desktop/Stopwatch/Stopwatch/GetSecond.v Line: 21
    Info (278004): Inferred divider/modulo megafunction ("lpm_divide") from the following logic: "StopwatchLogic:logic0|GetSecond:sec0|Mod0" File: C:/Users/lenovo/Desktop/Stopwatch/Stopwatch/GetSecond.v Line: 23
    Info (278004): Inferred divider/modulo megafunction ("lpm_divide") from the following logic: "StopwatchLogic:logic0|GetDecs:decs0|Mod0" File: C:/Users/lenovo/Desktop/Stopwatch/Stopwatch/GetDecs.v Line: 21
Info (12130): Elaborated megafunction instantiation "StopwatchLogic:logic0|GetMinute:min0|lpm_divide:Div0" File: C:/Users/lenovo/Desktop/Stopwatch/Stopwatch/GetMinute.v Line: 21
Info (12133): Instantiated megafunction "StopwatchLogic:logic0|GetMinute:min0|lpm_divide:Div0" with the following parameter: File: C:/Users/lenovo/Desktop/Stopwatch/Stopwatch/GetMinute.v Line: 21
    Info (12134): Parameter "LPM_WIDTHN" = "24"
    Info (12134): Parameter "LPM_WIDTHD" = "13"
    Info (12134): Parameter "LPM_NREPRESENTATION" = "UNSIGNED"
    Info (12134): Parameter "LPM_DREPRESENTATION" = "UNSIGNED"
Info (12021): Found 1 design units, including 1 entities, in source file db/lpm_divide_7vl.tdf
    Info (12023): Found entity 1: lpm_divide_7vl File: C:/Users/lenovo/Desktop/Stopwatch/Stopwatch/db/lpm_divide_7vl.tdf Line: 25
Info (12021): Found 1 design units, including 1 entities, in source file db/sign_div_unsign_9nh.tdf
    Info (12023): Found entity 1: sign_div_unsign_9nh File: C:/Users/lenovo/Desktop/Stopwatch/Stopwatch/db/sign_div_unsign_9nh.tdf Line: 25
Info (12021): Found 1 design units, including 1 entities, in source file db/alt_u_div_ske.tdf
    Info (12023): Found entity 1: alt_u_div_ske File: C:/Users/lenovo/Desktop/Stopwatch/Stopwatch/db/alt_u_div_ske.tdf Line: 27
Info (12021): Found 1 design units, including 1 entities, in source file db/add_sub_t3c.tdf
    Info (12023): Found entity 1: add_sub_t3c File: C:/Users/lenovo/Desktop/Stopwatch/Stopwatch/db/add_sub_t3c.tdf Line: 23
Info (12021): Found 1 design units, including 1 entities, in source file db/add_sub_u3c.tdf
    Info (12023): Found entity 1: add_sub_u3c File: C:/Users/lenovo/Desktop/Stopwatch/Stopwatch/db/add_sub_u3c.tdf Line: 23
Info (12130): Elaborated megafunction instantiation "StopwatchLogic:logic0|GetMinute:min0|lpm_divide:Mod0" File: C:/Users/lenovo/Desktop/Stopwatch/Stopwatch/GetMinute.v Line: 23
Info (12133): Instantiated megafunction "StopwatchLogic:logic0|GetMinute:min0|lpm_divide:Mod0" with the following parameter: File: C:/Users/lenovo/Desktop/Stopwatch/Stopwatch/GetMinute.v Line: 23
    Info (12134): Parameter "LPM_WIDTHN" = "24"
    Info (12134): Parameter "LPM_WIDTHD" = "7"
    Info (12134): Parameter "LPM_NREPRESENTATION" = "UNSIGNED"
    Info (12134): Parameter "LPM_DREPRESENTATION" = "UNSIGNED"
Info (12021): Found 1 design units, including 1 entities, in source file db/lpm_divide_tll.tdf
    Info (12023): Found entity 1: lpm_divide_tll File: C:/Users/lenovo/Desktop/Stopwatch/Stopwatch/db/lpm_divide_tll.tdf Line: 25
Info (12021): Found 1 design units, including 1 entities, in source file db/sign_div_unsign_slh.tdf
    Info (12023): Found entity 1: sign_div_unsign_slh File: C:/Users/lenovo/Desktop/Stopwatch/Stopwatch/db/sign_div_unsign_slh.tdf Line: 25
Info (12021): Found 1 design units, including 1 entities, in source file db/alt_u_div_2ie.tdf
    Info (12023): Found entity 1: alt_u_div_2ie File: C:/Users/lenovo/Desktop/Stopwatch/Stopwatch/db/alt_u_div_2ie.tdf Line: 27
Info (12130): Elaborated megafunction instantiation "StopwatchLogic:logic0|GetSecond:sec0|lpm_divide:Div0" File: C:/Users/lenovo/Desktop/Stopwatch/Stopwatch/GetSecond.v Line: 21
Info (12133): Instantiated megafunction "StopwatchLogic:logic0|GetSecond:sec0|lpm_divide:Div0" with the following parameter: File: C:/Users/lenovo/Desktop/Stopwatch/Stopwatch/GetSecond.v Line: 21
    Info (12134): Parameter "LPM_WIDTHN" = "24"
    Info (12134): Parameter "LPM_WIDTHD" = "7"
    Info (12134): Parameter "LPM_NREPRESENTATION" = "UNSIGNED"
    Info (12134): Parameter "LPM_DREPRESENTATION" = "UNSIGNED"
Info (12021): Found 1 design units, including 1 entities, in source file db/lpm_divide_qtl.tdf
    Info (12023): Found entity 1: lpm_divide_qtl File: C:/Users/lenovo/Desktop/Stopwatch/Stopwatch/db/lpm_divide_qtl.tdf Line: 25
Info (12130): Elaborated megafunction instantiation "StopwatchLogic:logic0|GetSecond:sec0|lpm_divide:Mod0" File: C:/Users/lenovo/Desktop/Stopwatch/Stopwatch/GetSecond.v Line: 23
Info (12133): Instantiated megafunction "StopwatchLogic:logic0|GetSecond:sec0|lpm_divide:Mod0" with the following parameter: File: C:/Users/lenovo/Desktop/Stopwatch/Stopwatch/GetSecond.v Line: 23
    Info (12134): Parameter "LPM_WIDTHN" = "24"
    Info (12134): Parameter "LPM_WIDTHD" = "6"
    Info (12134): Parameter "LPM_NREPRESENTATION" = "UNSIGNED"
    Info (12134): Parameter "LPM_DREPRESENTATION" = "UNSIGNED"
Info (12021): Found 1 design units, including 1 entities, in source file db/lpm_divide_sll.tdf
    Info (12023): Found entity 1: lpm_divide_sll File: C:/Users/lenovo/Desktop/Stopwatch/Stopwatch/db/lpm_divide_sll.tdf Line: 25
Info (12021): Found 1 design units, including 1 entities, in source file db/sign_div_unsign_rlh.tdf
    Info (12023): Found entity 1: sign_div_unsign_rlh File: C:/Users/lenovo/Desktop/Stopwatch/Stopwatch/db/sign_div_unsign_rlh.tdf Line: 25
Info (12021): Found 1 design units, including 1 entities, in source file db/alt_u_div_0ie.tdf
    Info (12023): Found entity 1: alt_u_div_0ie File: C:/Users/lenovo/Desktop/Stopwatch/Stopwatch/db/alt_u_div_0ie.tdf Line: 27
Warning (13024): Output pins are stuck at VCC or GND
    Warning (13410): Pin "ten_mins_seven_seg[7]" is stuck at VCC File: C:/Users/lenovo/Desktop/Stopwatch/Stopwatch/Stopwatch.v Line: 11
    Warning (13410): Pin "one_min_seven_seg[7]" is stuck at VCC File: C:/Users/lenovo/Desktop/Stopwatch/Stopwatch/Stopwatch.v Line: 13
    Warning (13410): Pin "ten_secs_seven_seg[7]" is stuck at VCC File: C:/Users/lenovo/Desktop/Stopwatch/Stopwatch/Stopwatch.v Line: 15
    Warning (13410): Pin "one_sec_seven_seg[7]" is stuck at VCC File: C:/Users/lenovo/Desktop/Stopwatch/Stopwatch/Stopwatch.v Line: 17
    Warning (13410): Pin "tenths_seven_seg[7]" is stuck at VCC File: C:/Users/lenovo/Desktop/Stopwatch/Stopwatch/Stopwatch.v Line: 19
    Warning (13410): Pin "hundredths_seven_seg[7]" is stuck at VCC File: C:/Users/lenovo/Desktop/Stopwatch/Stopwatch/Stopwatch.v Line: 21
Info (286030): Timing-Driven Synthesis is running
Info (17016): Found the following redundant logic cells in design
    Info (17048): Logic cell "StopwatchLogic:logic0|GetMinute:min0|lpm_divide:Mod0|lpm_divide_tll:auto_generated|sign_div_unsign_slh:divider|alt_u_div_2ie:divider|add_sub_18_result_int[1]~14" File: C:/Users/lenovo/Desktop/Stopwatch/Stopwatch/db/alt_u_div_2ie.tdf Line: 77
    Info (17048): Logic cell "StopwatchLogic:logic0|GetMinute:min0|lpm_divide:Mod0|lpm_divide_tll:auto_generated|sign_div_unsign_slh:divider|alt_u_div_2ie:divider|add_sub_18_result_int[0]~16" File: C:/Users/lenovo/Desktop/Stopwatch/Stopwatch/db/alt_u_div_2ie.tdf Line: 77
    Info (17048): Logic cell "StopwatchLogic:logic0|GetMinute:min0|lpm_divide:Mod0|lpm_divide_tll:auto_generated|sign_div_unsign_slh:divider|alt_u_div_2ie:divider|add_sub_19_result_int[0]~16" File: C:/Users/lenovo/Desktop/Stopwatch/Stopwatch/db/alt_u_div_2ie.tdf Line: 82
    Info (17048): Logic cell "StopwatchLogic:logic0|GetMinute:min0|lpm_divide:Mod0|lpm_divide_tll:auto_generated|sign_div_unsign_slh:divider|alt_u_div_2ie:divider|add_sub_20_result_int[0]~16" File: C:/Users/lenovo/Desktop/Stopwatch/Stopwatch/db/alt_u_div_2ie.tdf Line: 92
    Info (17048): Logic cell "StopwatchLogic:logic0|GetMinute:min0|lpm_divide:Mod0|lpm_divide_tll:auto_generated|sign_div_unsign_slh:divider|alt_u_div_2ie:divider|add_sub_21_result_int[0]~16" File: C:/Users/lenovo/Desktop/Stopwatch/Stopwatch/db/alt_u_div_2ie.tdf Line: 97
    Info (17048): Logic cell "StopwatchLogic:logic0|GetMinute:min0|lpm_divide:Mod0|lpm_divide_tll:auto_generated|sign_div_unsign_slh:divider|alt_u_div_2ie:divider|add_sub_22_result_int[0]~16" File: C:/Users/lenovo/Desktop/Stopwatch/Stopwatch/db/alt_u_div_2ie.tdf Line: 102
    Info (17048): Logic cell "StopwatchLogic:logic0|GetMinute:min0|lpm_divide:Mod0|lpm_divide_tll:auto_generated|sign_div_unsign_slh:divider|alt_u_div_2ie:divider|add_sub_23_result_int[0]~16" File: C:/Users/lenovo/Desktop/Stopwatch/Stopwatch/db/alt_u_div_2ie.tdf Line: 107
    Info (17048): Logic cell "StopwatchLogic:logic0|GetSecond:sec0|lpm_divide:Mod0|lpm_divide_sll:auto_generated|sign_div_unsign_rlh:divider|alt_u_div_0ie:divider|add_sub_11_result_int[1]~12" File: C:/Users/lenovo/Desktop/Stopwatch/Stopwatch/db/alt_u_div_0ie.tdf Line: 42
    Info (17048): Logic cell "StopwatchLogic:logic0|GetSecond:sec0|lpm_divide:Mod0|lpm_divide_sll:auto_generated|sign_div_unsign_rlh:divider|alt_u_div_0ie:divider|add_sub_11_result_int[0]~14" File: C:/Users/lenovo/Desktop/Stopwatch/Stopwatch/db/alt_u_div_0ie.tdf Line: 42
    Info (17048): Logic cell "StopwatchLogic:logic0|GetSecond:sec0|lpm_divide:Mod0|lpm_divide_sll:auto_generated|sign_div_unsign_rlh:divider|alt_u_div_0ie:divider|add_sub_12_result_int[0]~14" File: C:/Users/lenovo/Desktop/Stopwatch/Stopwatch/db/alt_u_div_0ie.tdf Line: 47
    Info (17048): Logic cell "StopwatchLogic:logic0|GetSecond:sec0|lpm_divide:Mod0|lpm_divide_sll:auto_generated|sign_div_unsign_rlh:divider|alt_u_div_0ie:divider|add_sub_13_result_int[0]~14" File: C:/Users/lenovo/Desktop/Stopwatch/Stopwatch/db/alt_u_div_0ie.tdf Line: 52
    Info (17048): Logic cell "StopwatchLogic:logic0|GetSecond:sec0|lpm_divide:Mod0|lpm_divide_sll:auto_generated|sign_div_unsign_rlh:divider|alt_u_div_0ie:divider|add_sub_14_result_int[0]~14" File: C:/Users/lenovo/Desktop/Stopwatch/Stopwatch/db/alt_u_div_0ie.tdf Line: 57
    Info (17048): Logic cell "StopwatchLogic:logic0|GetSecond:sec0|lpm_divide:Mod0|lpm_divide_sll:auto_generated|sign_div_unsign_rlh:divider|alt_u_div_0ie:divider|add_sub_15_result_int[0]~14" File: C:/Users/lenovo/Desktop/Stopwatch/Stopwatch/db/alt_u_div_0ie.tdf Line: 62
    Info (17048): Logic cell "StopwatchLogic:logic0|GetSecond:sec0|lpm_divide:Mod0|lpm_divide_sll:auto_generated|sign_div_unsign_rlh:divider|alt_u_div_0ie:divider|add_sub_16_result_int[0]~14" File: C:/Users/lenovo/Desktop/Stopwatch/Stopwatch/db/alt_u_div_0ie.tdf Line: 67
    Info (17048): Logic cell "StopwatchLogic:logic0|GetSecond:sec0|lpm_divide:Mod0|lpm_divide_sll:auto_generated|sign_div_unsign_rlh:divider|alt_u_div_0ie:divider|add_sub_17_result_int[0]~14" File: C:/Users/lenovo/Desktop/Stopwatch/Stopwatch/db/alt_u_div_0ie.tdf Line: 72
    Info (17048): Logic cell "StopwatchLogic:logic0|GetSecond:sec0|lpm_divide:Mod0|lpm_divide_sll:auto_generated|sign_div_unsign_rlh:divider|alt_u_div_0ie:divider|add_sub_18_result_int[0]~14" File: C:/Users/lenovo/Desktop/Stopwatch/Stopwatch/db/alt_u_div_0ie.tdf Line: 77
    Info (17048): Logic cell "StopwatchLogic:logic0|GetSecond:sec0|lpm_divide:Mod0|lpm_divide_sll:auto_generated|sign_div_unsign_rlh:divider|alt_u_div_0ie:divider|add_sub_19_result_int[0]~14" File: C:/Users/lenovo/Desktop/Stopwatch/Stopwatch/db/alt_u_div_0ie.tdf Line: 82
    Info (17048): Logic cell "StopwatchLogic:logic0|GetSecond:sec0|lpm_divide:Mod0|lpm_divide_sll:auto_generated|sign_div_unsign_rlh:divider|alt_u_div_0ie:divider|add_sub_20_result_int[0]~14" File: C:/Users/lenovo/Desktop/Stopwatch/Stopwatch/db/alt_u_div_0ie.tdf Line: 92
    Info (17048): Logic cell "StopwatchLogic:logic0|GetSecond:sec0|lpm_divide:Mod0|lpm_divide_sll:auto_generated|sign_div_unsign_rlh:divider|alt_u_div_0ie:divider|add_sub_21_result_int[0]~14" File: C:/Users/lenovo/Desktop/Stopwatch/Stopwatch/db/alt_u_div_0ie.tdf Line: 97
    Info (17048): Logic cell "StopwatchLogic:logic0|GetSecond:sec0|lpm_divide:Mod0|lpm_divide_sll:auto_generated|sign_div_unsign_rlh:divider|alt_u_div_0ie:divider|add_sub_22_result_int[0]~14" File: C:/Users/lenovo/Desktop/Stopwatch/Stopwatch/db/alt_u_div_0ie.tdf Line: 102
Info (144001): Generated suppressed messages file C:/Users/lenovo/Desktop/Stopwatch/Stopwatch/output_files/Stopwatch.map.smsg
Info (16010): Generating hard_block partition "hard_block:auto_generated_inst"
    Info (16011): Adding 0 node(s), including 0 DDIO, 0 PLL, 0 transceiver and 0 LCELL
Info (21057): Implemented 1716 device resources after synthesis - the final resource count might be different
    Info (21058): Implemented 4 input pins
    Info (21059): Implemented 49 output pins
    Info (21061): Implemented 1663 logic cells
Info: Quartus Prime Analysis & Synthesis was successful. 0 errors, 16 warnings
    Info: Peak virtual memory: 4829 megabytes
    Info: Processing ended: Wed May 05 16:18:47 2021
    Info: Elapsed time: 00:00:20
    Info: Total CPU time (on all processors): 00:00:37


+------------------------------------------+
; Analysis & Synthesis Suppressed Messages ;
+------------------------------------------+
The suppressed messages can be found in C:/Users/lenovo/Desktop/Stopwatch/Stopwatch/output_files/Stopwatch.map.smsg.


